[debug] [2021-06-19T19:10:02.930Z] ----------------------------------------------------------------------
[debug] [2021-06-19T19:10:02.932Z] Command:       C:\Program Files\nodejs\node.exe C:\Users\sdarmaraj\AppData\Roaming\npm\node_modules\firebase-tools\lib\bin\firebase.js init
[debug] [2021-06-19T19:10:02.932Z] CLI Version:   9.6.0
[debug] [2021-06-19T19:10:02.932Z] Platform:      win32
[debug] [2021-06-19T19:10:02.932Z] Node Version:  v14.6.0
[debug] [2021-06-19T19:10:02.937Z] Time:          Sat Jun 19 2021 15:10:02 GMT-0400 (Eastern Daylight Time)
[debug] [2021-06-19T19:10:02.937Z] ----------------------------------------------------------------------
[debug] [2021-06-19T19:10:02.938Z] 
[debug] [2021-06-19T19:10:02.940Z] >>> [apiv2][query] GET https://firebase-public.firebaseio.com/cli.json [none]
[debug] [2021-06-19T19:10:02.975Z] > command requires scopes: ["email","openid","https://www.googleapis.com/auth/cloudplatformprojects.readonly","https://www.googleapis.com/auth/firebase","https://www.googleapis.com/auth/cloud-platform"]
[debug] [2021-06-19T19:10:02.976Z] > authorizing via signed-in user
[info] 
     ######## #### ########  ######## ########     ###     ######  ########
     ##        ##  ##     ## ##       ##     ##  ##   ##  ##       ##
     ######    ##  ########  ######   ########  #########  ######  ######
     ##        ##  ##    ##  ##       ##     ## ##     ##       ## ##
     ##       #### ##     ## ######## ########  ##     ##  ######  ########

You're about to initialize a Firebase project in this directory:

  C:\Projects\Satiesh\UH\UHIndiaDevelopment

Before we get started, keep in mind:

  * You are currently outside your home directory
  * You are initializing in an existing Firebase project directory

[debug] [2021-06-19T19:10:03.225Z] <<< [apiv2][status] GET https://firebase-public.firebaseio.com/cli.json 200
[debug] [2021-06-19T19:10:03.226Z] <<< [apiv2][body] GET https://firebase-public.firebaseio.com/cli.json {"cloudBuildErrorAfter":1594252800000,"cloudBuildWarnAfter":1590019200000,"defaultNode10After":1594252800000,"minVersion":"3.0.5","node8DeploysDisabledAfter":1613390400000,"node8RuntimeDisabledAfter":1615809600000,"node8WarnAfter":1600128000000}
